2025-01-17T03:56:28.585Z [INFO]: Executing (default): SELECT 1+1 AS result
2025-01-17T03:56:28.589Z [INFO]: Database connection established successfully.
2025-01-17T03:56:28.590Z [INFO]: Database is ready for operations.
2025-01-17T03:57:19.322Z [INFO]: Database connection established successfully.
2025-01-17T03:57:19.325Z [INFO]: Database is ready for operations.
2025-01-17T03:57:25.083Z [INFO]: Database connection established successfully.
2025-01-17T03:57:25.087Z [INFO]: Database is ready for operations.
2025-01-17T03:58:42.813Z [INFO]: Database is ready for operations.
2025-01-17T03:59:15.972Z [INFO]: Database is ready for operations.
2025-01-17T03:59:32.014Z [INFO]: Database is ready for operations.
2025-01-17T04:02:17.832Z [INFO]: Models initialized successfully.
2025-01-17T04:02:18.095Z [INFO]: Database is ready for operations.
2025-01-17T04:03:26.517Z [INFO]: Database is ready for operations.
2025-01-17T04:04:03.470Z [INFO]: Database is ready for operations.
2025-01-17T04:04:24.017Z [INFO]: Database is ready for operations.
2025-01-17T06:06:04.178Z [INFO]: Database is ready for operations.
2025-01-17T06:28:16.322Z [INFO]: Database is ready for operations.
2025-01-17T06:28:22.426Z [INFO]: Database is ready for operations.
2025-01-17T06:31:33.915Z [INFO]: Database is ready for operations.
2025-01-17T06:31:37.642Z [INFO]: Database is ready for operations.
2025-01-17T06:31:46.635Z [INFO]: Database is ready for operations.
2025-01-17T06:33:16.886Z [INFO]: Database is ready for operations.
2025-01-17T06:33:55.617Z [INFO]: Database is ready for operations.
2025-01-17T06:34:15.146Z [INFO]: Database is ready for operations.
2025-01-17T06:34:40.464Z [INFO]: Database is ready for operations.
2025-01-17T06:34:56.192Z [INFO]: Database is ready for operations.
2025-01-17T06:35:14.118Z [INFO]: Database is ready for operations.
2025-01-17T06:53:07.213Z [INFO]: Database connection successful.
2025-01-17T06:53:11.717Z [INFO]: Database connection successful.
2025-01-17T06:53:20.077Z [INFO]: Database connection successful.
2025-01-17T06:54:31.386Z [INFO]: Database connection successful.
2025-01-17T06:54:31.424Z [ERROR]: Database connection failed: permission denied for schema public
2025-01-17T06:54:38.185Z [INFO]: Database connection successful.
2025-01-17T06:54:38.209Z [ERROR]: Database connection failed: permission denied for schema public
2025-01-17T06:54:50.993Z [INFO]: Database connection successful.
2025-01-17T06:54:51.012Z [ERROR]: Database connection failed: permission denied for schema public
2025-01-17T07:03:40.764Z [INFO]: Database connection successful.
2025-01-17T07:03:40.789Z [ERROR]: Database connection failed: permission denied for schema public
2025-01-17T07:03:47.538Z [INFO]: Database connection successful.
2025-01-17T07:03:47.558Z [ERROR]: Database connection failed: permission denied for schema public
2025-01-17T07:05:28.471Z [INFO]: Database connection successful.
2025-01-17T07:05:28.490Z [ERROR]: Database connection failed: permission denied for schema public
2025-01-17T07:05:40.440Z [INFO]: Database connection successful.
2025-01-17T07:05:40.458Z [ERROR]: Database connection failed: permission denied for schema public
2025-01-17T07:07:37.065Z [INFO]: Database connection successful.
2025-01-17T07:07:37.084Z [ERROR]: Database connection failed: permission denied for schema public
2025-01-17T07:09:34.595Z [INFO]: Database connection successful.
2025-01-17T07:09:34.633Z [ERROR]: Database connection failed: permission denied for schema public
2025-01-17T07:13:25.060Z [INFO]: Database connection successful.
2025-01-17T07:13:25.167Z [INFO]: Database synchronized successfully.
2025-01-17T07:24:54.237Z [INFO]: Database connection successful.
2025-01-17T07:24:54.282Z [INFO]: Database synchronized successfully.
2025-01-17T07:25:02.695Z [INFO]: Database connection successful.
2025-01-17T07:25:02.730Z [INFO]: Database synchronized successfully.
2025-01-17T07:34:09.223Z [INFO]: Database connection successful.
2025-01-17T07:34:09.263Z [INFO]: Database synchronized successfully.
2025-01-17T07:36:44.366Z [INFO]: Database connection successful.
2025-01-17T07:36:44.392Z [INFO]: Database synchronized successfully.
2025-01-17T07:36:45.939Z [INFO]: Database connection successful.
2025-01-17T07:36:45.968Z [INFO]: Database synchronized successfully.
2025-01-17T07:37:13.935Z [INFO]: Database connection successful.
2025-01-17T07:37:13.960Z [INFO]: Database synchronized successfully.
2025-01-17T07:38:23.223Z [INFO]: Database connection successful.
2025-01-17T07:38:23.250Z [INFO]: Database synchronized successfully.
2025-01-17T07:38:58.090Z [INFO]: Database connection successful.
2025-01-17T07:38:58.118Z [INFO]: Database synchronized successfully.
2025-01-17T07:39:41.304Z [INFO]: Database connection successful.
2025-01-17T07:39:41.343Z [INFO]: Database synchronized successfully.
2025-01-17T07:44:39.522Z [INFO]: Database connection successful.
2025-01-17T07:44:39.568Z [INFO]: Database synchronized successfully.
2025-01-17T07:58:26.029Z [INFO]: Database connection successful.
2025-01-17T07:58:26.066Z [INFO]: Database synchronized successfully.
2025-01-17T07:58:58.722Z [INFO]: Database connection successful.
2025-01-17T07:58:58.756Z [INFO]: Database synchronized successfully.
2025-01-17T07:59:12.216Z [INFO]: Database connection successful.
2025-01-17T07:59:12.249Z [INFO]: Database synchronized successfully.
2025-01-17T07:59:41.616Z [INFO]: Database connection successful.
2025-01-17T07:59:41.652Z [INFO]: Database synchronized successfully.
2025-01-17T08:02:53.167Z [INFO]: Database connection successful.
2025-01-17T08:02:53.193Z [INFO]: Database synchronized successfully.
2025-01-17T08:02:56.182Z [INFO]: Database connection successful.
2025-01-17T08:02:56.222Z [INFO]: Database synchronized successfully.
2025-01-17T08:03:52.123Z [INFO]: Database connection successful.
2025-01-17T08:03:52.154Z [INFO]: Database synchronized successfully.
2025-01-17T08:04:42.608Z [INFO]: Database connection successful.
2025-01-17T08:04:42.634Z [INFO]: Database synchronized successfully.
2025-01-17T08:04:51.182Z [INFO]: Database connection successful.
2025-01-17T08:04:51.211Z [INFO]: Database synchronized successfully.
2025-01-17T08:04:52.691Z [INFO]: Database connection successful.
2025-01-17T08:04:52.723Z [INFO]: Database synchronized successfully.
2025-01-17T08:06:00.956Z [INFO]: Database connection successful.
2025-01-17T08:06:00.981Z [INFO]: Database synchronized successfully.
2025-01-17T08:06:07.904Z [INFO]: Database connection successful.
2025-01-17T08:06:07.934Z [INFO]: Database synchronized successfully.
2025-01-17T08:06:36.252Z [INFO]: Database connection successful.
2025-01-17T08:06:36.294Z [INFO]: Database synchronized successfully.
2025-01-17T08:06:48.279Z [INFO]: Database connection successful.
2025-01-17T08:06:48.316Z [INFO]: Database synchronized successfully.
2025-01-17T08:06:49.536Z [INFO]: Database connection successful.
2025-01-17T08:06:49.565Z [INFO]: Database synchronized successfully.
2025-01-17T08:55:21.658Z [INFO]: Database connection successful.
2025-01-17T08:55:21.725Z [INFO]: Database synchronized successfully.
2025-01-17T08:55:53.275Z [INFO]: Database connection successful.
2025-01-17T08:55:53.298Z [INFO]: Database synchronized successfully.
2025-01-17T08:57:06.802Z [INFO]: Database connection successful.
2025-01-17T08:57:06.829Z [INFO]: Database synchronized successfully.
2025-01-17T08:57:12.380Z [INFO]: Database connection successful.
2025-01-17T08:57:12.406Z [INFO]: Database synchronized successfully.
2025-01-17T08:57:26.742Z [INFO]: Database connection successful.
2025-01-17T08:57:26.772Z [INFO]: Database synchronized successfully.
2025-01-17T08:57:41.565Z [INFO]: Database connection successful.
2025-01-17T08:57:41.592Z [INFO]: Database synchronized successfully.
2025-01-17T08:57:47.470Z [INFO]: Database connection successful.
2025-01-17T08:57:47.497Z [INFO]: Database synchronized successfully.
2025-01-17T08:58:05.440Z [INFO]: Database connection successful.
2025-01-17T08:58:05.468Z [INFO]: Database synchronized successfully.
2025-01-17T08:59:08.679Z [INFO]: Database connection successful.
2025-01-17T08:59:08.705Z [INFO]: Database synchronized successfully.
2025-01-17T08:59:20.021Z [INFO]: Database connection successful.
2025-01-17T08:59:20.047Z [INFO]: Database synchronized successfully.
2025-01-17T09:00:43.520Z [INFO]: Database connection successful.
2025-01-17T09:00:43.545Z [INFO]: Database synchronized successfully.
2025-01-17T09:00:46.345Z [INFO]: Database connection successful.
2025-01-17T09:00:46.374Z [INFO]: Database synchronized successfully.
2025-01-17T09:00:55.103Z [INFO]: Database connection successful.
2025-01-17T09:00:55.136Z [INFO]: Database synchronized successfully.
2025-01-17T09:07:09.348Z [INFO]: Database connection successful.
2025-01-17T09:07:09.388Z [INFO]: Database synchronized successfully.
2025-01-17T09:07:48.089Z [INFO]: Database connection successful.
2025-01-17T09:07:48.120Z [INFO]: Database synchronized successfully.
2025-01-17T09:09:25.518Z [INFO]: Database connection successful.
2025-01-17T09:09:25.544Z [INFO]: Database synchronized successfully.
2025-01-17T09:11:13.375Z [INFO]: Database connection successful.
2025-01-17T09:11:13.400Z [INFO]: Database synchronized successfully.
2025-01-17T09:11:44.134Z [INFO]: Database connection successful.
2025-01-17T09:11:44.167Z [INFO]: Database synchronized successfully.
2025-01-17T09:11:55.795Z [INFO]: Database connection successful.
2025-01-17T09:11:55.820Z [INFO]: Database synchronized successfully.
2025-01-17T09:12:03.327Z [INFO]: Database connection successful.
2025-01-17T09:12:03.354Z [INFO]: Database synchronized successfully.
2025-01-17T09:12:19.349Z [INFO]: Database connection successful.
2025-01-17T09:12:19.383Z [INFO]: Database synchronized successfully.
2025-01-17T09:19:51.339Z [INFO]: Database connection successful.
2025-01-17T09:19:51.375Z [INFO]: Database synchronized successfully.
2025-01-17T09:20:41.407Z [INFO]: Database connection successful.
2025-01-17T09:20:41.435Z [INFO]: Database synchronized successfully.
2025-01-17T09:21:57.856Z [INFO]: Database connection successful.
2025-01-17T09:21:57.879Z [INFO]: Database synchronized successfully.
2025-01-17T09:23:22.501Z [INFO]: Database connection successful.
2025-01-17T09:23:22.529Z [INFO]: Database synchronized successfully.
2025-01-17T09:23:39.011Z [INFO]: Database connection successful.
2025-01-17T09:23:39.035Z [INFO]: Database synchronized successfully.
2025-01-17T09:24:09.370Z [INFO]: Database connection successful.
2025-01-17T09:24:09.504Z [INFO]: Database synchronized successfully.
2025-01-17T09:24:25.270Z [INFO]: Database connection successful.
2025-01-17T09:24:25.299Z [INFO]: Database synchronized successfully.
2025-01-17T09:24:36.624Z [INFO]: Database connection successful.
2025-01-17T09:24:36.654Z [INFO]: Database synchronized successfully.
2025-01-17T09:26:22.670Z [INFO]: Database connection successful.
2025-01-17T09:26:22.696Z [INFO]: Database synchronized successfully.
2025-01-17T09:27:47.150Z [INFO]: Database connection successful.
2025-01-17T09:27:47.180Z [INFO]: Database synchronized successfully.
2025-01-17T09:27:59.025Z [INFO]: Database connection successful.
2025-01-17T09:27:59.048Z [INFO]: Database synchronized successfully.
2025-01-17T09:28:20.125Z [INFO]: Database connection successful.
2025-01-17T09:28:20.154Z [INFO]: Database synchronized successfully.
2025-01-17T09:28:49.195Z [INFO]: Database connection successful.
2025-01-17T09:28:49.223Z [INFO]: Database synchronized successfully.
2025-01-17T09:34:06.075Z [INFO]: Database connection successful.
2025-01-17T09:34:06.102Z [INFO]: Database synchronized successfully.
2025-01-17T10:48:50.093Z [INFO]: Database connection successful.
2025-01-17T10:48:50.124Z [INFO]: Database synchronized successfully.
2025-01-17T10:48:58.400Z [INFO]: Database connection successful.
2025-01-17T10:48:58.424Z [INFO]: Database synchronized successfully.
2025-01-17T10:49:03.191Z [INFO]: Database connection successful.
2025-01-17T10:49:03.216Z [INFO]: Database synchronized successfully.
2025-01-17T10:49:46.497Z [INFO]: Database connection successful.
2025-01-17T10:49:46.531Z [INFO]: Database synchronized successfully.
2025-01-17T10:50:04.845Z [INFO]: Database connection successful.
2025-01-17T10:50:04.878Z [INFO]: Database synchronized successfully.
2025-01-17T10:53:00.513Z [INFO]: Database connection successful.
2025-01-17T10:53:00.546Z [INFO]: Database synchronized successfully.
2025-01-17T10:53:16.926Z [INFO]: Database connection successful.
2025-01-17T10:53:16.956Z [INFO]: Database synchronized successfully.
2025-01-17T10:54:10.493Z [INFO]: Database connection successful.
2025-01-17T10:54:10.610Z [INFO]: Database synchronized successfully.
2025-01-17T10:54:13.690Z [INFO]: Database connection successful.
2025-01-17T10:54:13.715Z [INFO]: Database synchronized successfully.
2025-01-17T10:59:55.016Z [INFO]: Database connection successful.
2025-01-17T10:59:55.053Z [INFO]: Database synchronized successfully.
2025-01-17T11:00:13.498Z [INFO]: Database connection successful.
2025-01-17T11:00:13.523Z [INFO]: Database synchronized successfully.
2025-01-17T11:00:55.951Z [INFO]: Database connection successful.
2025-01-17T11:00:55.989Z [INFO]: Database synchronized successfully.
2025-01-17T11:01:06.706Z [INFO]: Database connection successful.
2025-01-17T11:01:06.739Z [INFO]: Database synchronized successfully.
2025-01-17T11:02:10.868Z [INFO]: Database connection successful.
2025-01-17T11:02:10.903Z [INFO]: Database synchronized successfully.
2025-01-17T11:05:38.565Z [INFO]: Database connection successful.
2025-01-17T11:05:38.598Z [INFO]: Database synchronized successfully.
2025-01-17T11:06:12.417Z [INFO]: Database connection successful.
2025-01-17T11:06:12.451Z [INFO]: Database synchronized successfully.
2025-01-17T11:07:13.772Z [INFO]: Database connection successful.
2025-01-17T11:07:13.820Z [INFO]: Database synchronized successfully.
2025-01-17T11:07:57.741Z [INFO]: Database connection successful.
2025-01-17T11:07:57.781Z [INFO]: Database synchronized successfully.
2025-01-17T11:08:05.655Z [INFO]: Database connection successful.
2025-01-17T11:08:05.687Z [INFO]: Database synchronized successfully.
2025-01-17T11:08:16.640Z [INFO]: Database connection successful.
2025-01-17T11:08:16.672Z [INFO]: Database synchronized successfully.
2025-01-17T11:10:37.824Z [INFO]: Database connection successful.
2025-01-17T11:10:37.869Z [INFO]: Database synchronized successfully.
2025-01-17T11:10:53.717Z [INFO]: Database connection successful.
2025-01-17T11:10:53.748Z [INFO]: Database synchronized successfully.
2025-01-17T11:10:55.381Z [INFO]: Database connection successful.
2025-01-17T11:10:55.408Z [INFO]: Database synchronized successfully.
2025-01-17T11:11:08.408Z [INFO]: Database connection successful.
2025-01-17T11:11:08.516Z [INFO]: Database synchronized successfully.
2025-01-17T11:11:11.565Z [INFO]: Database connection successful.
2025-01-17T11:11:11.591Z [INFO]: Database synchronized successfully.
2025-01-17T11:16:50.914Z [INFO]: Database connection successful.
2025-01-17T11:16:50.945Z [INFO]: Database synchronized successfully.
2025-01-17T11:17:40.175Z [INFO]: Database connection successful.
2025-01-17T11:17:40.209Z [INFO]: Database synchronized successfully.
2025-01-17T11:17:43.750Z [INFO]: Database connection successful.
2025-01-17T11:17:43.785Z [INFO]: Database synchronized successfully.
2025-01-17T11:19:02.378Z [INFO]: Database connection successful.
2025-01-17T11:19:02.412Z [INFO]: Database synchronized successfully.
2025-01-17T11:21:17.562Z [INFO]: Database connection successful.
2025-01-17T11:21:17.597Z [INFO]: Database synchronized successfully.
2025-01-17T11:21:26.061Z [INFO]: Database connection successful.
2025-01-17T11:21:26.101Z [INFO]: Database synchronized successfully.
2025-01-17T11:30:43.016Z [INFO]: Database connection successful.
2025-01-17T11:30:43.058Z [INFO]: Database synchronized successfully.
2025-01-17T11:31:51.529Z [INFO]: Database connection successful.
2025-01-17T11:31:51.561Z [INFO]: Database synchronized successfully.
2025-01-17T11:32:03.256Z [INFO]: Database connection successful.
2025-01-17T11:32:03.287Z [INFO]: Database synchronized successfully.
2025-01-17T11:32:21.115Z [INFO]: Database connection successful.
2025-01-17T11:32:21.142Z [INFO]: Database synchronized successfully.
2025-01-17T11:32:23.866Z [INFO]: Database connection successful.
2025-01-17T11:32:23.892Z [INFO]: Database synchronized successfully.
2025-01-17T11:48:16.194Z [INFO]: Database connection successful.
2025-01-17T11:48:16.244Z [INFO]: Database synchronized successfully.
2025-01-17T11:48:40.202Z [INFO]: Database connection successful.
2025-01-17T11:48:40.228Z [INFO]: Database synchronized successfully.
2025-01-17T11:50:10.635Z [INFO]: Database connection successful.
2025-01-17T11:50:10.668Z [INFO]: Database synchronized successfully.
2025-01-17T11:50:13.671Z [INFO]: Database connection successful.
2025-01-17T11:50:13.700Z [INFO]: Database synchronized successfully.
2025-01-17T11:52:14.581Z [INFO]: Database connection successful.
2025-01-17T11:52:14.617Z [INFO]: Database synchronized successfully.
2025-01-17T11:52:23.920Z [INFO]: Database connection successful.
2025-01-17T11:52:23.957Z [INFO]: Database synchronized successfully.
2025-01-17T11:52:41.253Z [INFO]: Database connection successful.
2025-01-17T11:52:41.283Z [INFO]: Database synchronized successfully.
2025-01-17T11:52:51.010Z [INFO]: Database connection successful.
2025-01-17T11:52:51.048Z [INFO]: Database synchronized successfully.
2025-01-17T11:58:54.068Z [INFO]: Database connection successful.
2025-01-17T11:58:54.119Z [INFO]: Database synchronized successfully.
2025-01-17T12:00:09.758Z [INFO]: Database connection successful.
2025-01-17T12:00:09.790Z [INFO]: Database synchronized successfully.
2025-01-17T12:00:44.029Z [INFO]: Database connection successful.
2025-01-17T12:00:44.061Z [INFO]: Database synchronized successfully.
2025-01-17T12:03:04.955Z [INFO]: Database connection successful.
2025-01-17T12:03:04.984Z [INFO]: Database synchronized successfully.
2025-01-17T12:04:26.341Z [INFO]: Database connection successful.
2025-01-17T12:04:26.374Z [INFO]: Database synchronized successfully.
2025-01-17T12:04:39.379Z [INFO]: Database connection successful.
2025-01-17T12:04:39.409Z [INFO]: Database synchronized successfully.
2025-01-17T12:04:45.694Z [INFO]: Database connection successful.
2025-01-17T12:04:45.733Z [INFO]: Database synchronized successfully.
2025-01-17T12:04:53.985Z [INFO]: Database connection successful.
2025-01-17T12:04:54.022Z [INFO]: Database synchronized successfully.
2025-01-17T12:18:56.939Z [INFO]: Database connection successful.
2025-01-17T12:18:56.982Z [INFO]: Database synchronized successfully.
2025-01-17T12:19:35.550Z [INFO]: Database connection successful.
2025-01-17T12:19:35.582Z [INFO]: Database synchronized successfully.
2025-01-17T12:19:40.484Z [INFO]: Database connection successful.
2025-01-17T12:19:40.523Z [INFO]: Database synchronized successfully.
2025-01-17T12:20:13.654Z [INFO]: Database connection successful.
2025-01-17T12:20:13.686Z [INFO]: Database synchronized successfully.
2025-01-17T12:27:15.136Z [INFO]: Database connection successful.
2025-01-17T12:27:15.174Z [INFO]: Database synchronized successfully.
2025-01-17T12:27:23.438Z [INFO]: Database connection successful.
2025-01-17T12:27:23.465Z [INFO]: Database synchronized successfully.
2025-01-17T12:27:54.817Z [INFO]: Database connection successful.
2025-01-17T12:27:54.849Z [INFO]: Database synchronized successfully.
2025-01-17T12:31:35.313Z [INFO]: Database connection successful.
2025-01-17T12:31:35.350Z [INFO]: Database synchronized successfully.
2025-01-17T12:43:33.077Z [INFO]: Database connection successful.
2025-01-17T12:43:33.147Z [INFO]: Database synchronized successfully.
2025-01-17T12:45:34.196Z [INFO]: Database connection successful.
2025-01-17T12:45:34.233Z [INFO]: Database synchronized successfully.
2025-01-17T12:46:03.478Z [INFO]: Database connection successful.
2025-01-17T12:46:03.513Z [INFO]: Database synchronized successfully.
2025-01-17T12:50:32.518Z [INFO]: Database connection successful.
2025-01-17T12:50:32.552Z [INFO]: Database synchronized successfully.
2025-01-17T12:50:58.558Z [INFO]: Database connection successful.
2025-01-17T12:50:58.595Z [INFO]: Database synchronized successfully.
2025-01-17T12:53:25.917Z [INFO]: Database connection successful.
2025-01-17T12:53:25.955Z [INFO]: Database synchronized successfully.
2025-01-17T12:54:19.187Z [INFO]: Database connection successful.
2025-01-17T12:54:19.220Z [INFO]: Database synchronized successfully.
2025-01-17T12:54:38.067Z [INFO]: Database connection successful.
2025-01-17T12:54:38.093Z [INFO]: Database synchronized successfully.
2025-01-17T13:05:05.092Z [INFO]: Database connection successful.
2025-01-17T13:05:05.134Z [INFO]: Database synchronized successfully.
2025-01-17T13:05:50.259Z [INFO]: Database connection successful.
2025-01-17T13:05:50.300Z [INFO]: Database synchronized successfully.
2025-01-17T13:08:01.099Z [INFO]: Database connection successful.
2025-01-17T13:08:01.158Z [INFO]: Database synchronized successfully.
2025-01-17T13:09:53.604Z [INFO]: Database connection successful.
2025-01-17T13:09:53.644Z [INFO]: Database synchronized successfully.
2025-01-17T13:10:46.583Z [INFO]: Database connection successful.
2025-01-17T13:10:46.622Z [INFO]: Database synchronized successfully.
2025-01-17T13:11:10.738Z [INFO]: Database connection successful.
2025-01-17T13:11:10.778Z [INFO]: Database synchronized successfully.
2025-01-17T13:11:54.306Z [INFO]: Database connection successful.
2025-01-17T13:11:54.338Z [INFO]: Database synchronized successfully.
2025-01-17T13:11:55.630Z [INFO]: Database connection successful.
2025-01-17T13:11:55.672Z [INFO]: Database synchronized successfully.
2025-01-17T13:47:26.443Z [INFO]: Database connection successful.
2025-01-17T13:47:26.495Z [INFO]: Database synchronized successfully.
2025-01-17T13:47:30.448Z [INFO]: Database connection successful.
2025-01-17T13:47:30.482Z [INFO]: Database synchronized successfully.
2025-01-17T13:48:03.872Z [INFO]: Database connection successful.
2025-01-17T13:48:03.897Z [INFO]: Database synchronized successfully.
2025-01-17T13:49:19.450Z [INFO]: Database connection successful.
2025-01-17T13:49:19.482Z [INFO]: Database synchronized successfully.
2025-01-17T13:49:22.915Z [INFO]: Database connection successful.
2025-01-17T13:49:22.946Z [INFO]: Database synchronized successfully.
2025-01-17T13:52:01.850Z [INFO]: Database connection successful.
2025-01-17T13:52:01.877Z [INFO]: Database synchronized successfully.
2025-01-17T13:52:48.984Z [INFO]: Database connection successful.
2025-01-17T13:52:49.018Z [INFO]: Database synchronized successfully.
2025-01-17T13:52:50.901Z [INFO]: Database connection successful.
2025-01-17T13:52:50.928Z [INFO]: Database synchronized successfully.
2025-01-17T13:55:15.940Z [INFO]: Database connection successful.
2025-01-17T13:55:15.968Z [INFO]: Database synchronized successfully.
2025-01-17T13:56:10.817Z [INFO]: Database connection successful.
2025-01-17T13:56:10.847Z [INFO]: Database synchronized successfully.
2025-01-17T13:56:41.527Z [INFO]: Database connection successful.
2025-01-17T13:56:41.566Z [INFO]: Database synchronized successfully.
2025-01-17T13:57:35.995Z [INFO]: Database connection successful.
2025-01-17T13:57:36.028Z [INFO]: Database synchronized successfully.
2025-01-17T13:58:10.980Z [INFO]: Database connection successful.
2025-01-17T13:58:11.008Z [INFO]: Database synchronized successfully.
2025-01-17T14:00:58.295Z [INFO]: Database connection successful.
2025-01-17T14:00:58.327Z [INFO]: Database synchronized successfully.
2025-01-17T14:01:57.405Z [INFO]: Database connection successful.
2025-01-17T14:01:57.439Z [INFO]: Database synchronized successfully.
2025-01-17T14:03:01.447Z [INFO]: Database connection successful.
2025-01-17T14:03:01.477Z [INFO]: Database synchronized successfully.
2025-01-17T14:11:19.187Z [INFO]: Database connection successful.
2025-01-17T14:11:19.231Z [INFO]: Database synchronized successfully.
2025-01-17T14:12:07.530Z [INFO]: Database connection successful.
2025-01-17T14:12:07.558Z [INFO]: Database synchronized successfully.
2025-01-17T14:13:33.671Z [INFO]: Database connection successful.
2025-01-17T14:13:33.701Z [INFO]: Database synchronized successfully.
2025-01-17T14:13:44.529Z [INFO]: Database connection successful.
2025-01-17T14:13:44.558Z [INFO]: Database synchronized successfully.
2025-01-17T14:15:28.048Z [INFO]: Database connection successful.
2025-01-17T14:15:28.083Z [INFO]: Database synchronized successfully.
2025-01-17T14:15:36.433Z [INFO]: Database connection successful.
2025-01-17T14:15:36.473Z [INFO]: Database synchronized successfully.
2025-01-17T14:15:38.459Z [INFO]: Database connection successful.
2025-01-17T14:15:38.486Z [INFO]: Database synchronized successfully.
2025-01-17T14:19:26.556Z [INFO]: Database connection successful.
2025-01-17T14:19:26.596Z [INFO]: Database synchronized successfully.
2025-01-17T14:19:39.013Z [INFO]: Database connection successful.
2025-01-17T14:19:39.040Z [INFO]: Database synchronized successfully.
2025-01-17T14:20:20.948Z [INFO]: Database connection successful.
2025-01-17T14:20:20.981Z [INFO]: Database synchronized successfully.
2025-01-17T14:20:44.216Z [INFO]: Database connection successful.
2025-01-17T14:20:44.249Z [INFO]: Database synchronized successfully.
2025-01-17T14:20:56.088Z [INFO]: Database connection successful.
2025-01-17T14:20:56.119Z [INFO]: Database synchronized successfully.
2025-01-17T15:14:48.010Z [INFO]: Database connection successful.
2025-01-17T15:14:48.056Z [INFO]: Database synchronized successfully.
2025-01-17T15:14:56.375Z [INFO]: Database connection successful.
2025-01-17T15:14:56.405Z [INFO]: Database synchronized successfully.
2025-01-17T15:15:02.565Z [INFO]: Database connection successful.
2025-01-17T15:15:02.592Z [INFO]: Database synchronized successfully.
2025-01-17T15:15:31.461Z [INFO]: Database connection successful.
2025-01-17T15:15:31.489Z [INFO]: Database synchronized successfully.
2025-01-17T15:16:50.666Z [INFO]: Database connection successful.
2025-01-17T15:16:50.694Z [INFO]: Database synchronized successfully.
2025-01-17T15:22:31.070Z [INFO]: Database connection successful.
2025-01-17T15:22:31.110Z [INFO]: Database synchronized successfully.
2025-01-17T15:22:35.460Z [INFO]: Database connection successful.
2025-01-17T15:22:35.490Z [INFO]: Database synchronized successfully.
2025-01-17T15:22:46.111Z [INFO]: Database connection successful.
2025-01-17T15:22:46.155Z [INFO]: Database synchronized successfully.
